<?xml version="1.0" encoding="UTF-8"?>
<testsuite name="com.springlock.LockServicePostgres14IT" tests="12" skipped="0" failures="0" errors="0" timestamp="2026-03-10T03:11:53.042Z" hostname="OMG" time="4.055">
  <properties/>
  <testcase name="releaseLock_byNonOwner_shouldFail()" classname="com.springlock.LockServicePostgres14IT" time="0.056"/>
  <testcase name="acquireLock_whenHeldByOtherOwner_shouldFail()" classname="com.springlock.LockServicePostgres14IT" time="0.012"/>
  <testcase name="releaseLock_byOwner_shouldSucceed()" classname="com.springlock.LockServicePostgres14IT" time="0.012"/>
  <testcase name="acquireLock_whenAlreadyHeldBySameOwner_shouldFail()" classname="com.springlock.LockServicePostgres14IT" time="0.014"/>
  <testcase name="releaseLock_whenNotHeld_shouldReturnFalse()" classname="com.springlock.LockServicePostgres14IT" time="0.006"/>
  <testcase name="isLocked_whenHeld_shouldReturnTrue()" classname="com.springlock.LockServicePostgres14IT" time="0.011"/>
  <testcase name="renewLock_byNonOwner_shouldFail()" classname="com.springlock.LockServicePostgres14IT" time="0.013"/>
  <testcase name="acquireLock_whenNotHeld_shouldSucceed()" classname="com.springlock.LockServicePostgres14IT" time="0.01"/>
  <testcase name="isLocked_whenNotHeld_shouldReturnFalse()" classname="com.springlock.LockServicePostgres14IT" time="0.007"/>
  <testcase name="isLocked_afterRelease_shouldReturnFalse()" classname="com.springlock.LockServicePostgres14IT" time="0.013"/>
  <testcase name="renewLock_byOwner_shouldSucceed()" classname="com.springlock.LockServicePostgres14IT" time="0.016"/>
  <testcase name="acquireLock_afterRelease_shouldSucceedForNewOwner()" classname="com.springlock.LockServicePostgres14IT" time="0.016"/>
  <system-out><![CDATA[2026-03-09T23:11:53.073-04:00  INFO 26996 --- [    Test worker] org.testcontainers.images.PullPolicy     : Image pull policy will be performed by: DefaultPullPolicy()
2026-03-09T23:11:53.075-04:00  INFO 26996 --- [    Test worker] o.t.utility.ImageNameSubstitutor         : Image name substitution will be performed by: DefaultImageNameSubstitutor (composite of 'ConfigurationFileImageNameSubstitutor' and 'PrefixingImageNameSubstitutor')
2026-03-09T23:11:53.085-04:00  INFO 26996 --- [    Test worker] org.testcontainers.DockerClientFactory   : Testcontainers version: 2.0.3
2026-03-09T23:11:53.261-04:00  INFO 26996 --- [    Test worker] o.t.d.DockerClientProviderStrategy       : Loaded org.testcontainers.dockerclient.NpipeSocketClientProviderStrategy from ~/.testcontainers.properties, will try it first
2026-03-09T23:11:53.521-04:00  INFO 26996 --- [    Test worker] o.t.d.DockerClientProviderStrategy       : Found Docker environment with local Npipe socket (npipe:////./pipe/docker_engine)
2026-03-09T23:11:53.522-04:00  INFO 26996 --- [    Test worker] org.testcontainers.DockerClientFactory   : Docker host IP address is localhost
2026-03-09T23:11:53.535-04:00  INFO 26996 --- [    Test worker] org.testcontainers.DockerClientFactory   : Connected to docker: 
  Server Version: 29.2.1
  API Version: 1.53
  Operating System: Docker Desktop
  Total Memory: 1967 MB
  Labels: 
    com.docker.desktop.address=npipe://\\.\pipe\docker_cli
2026-03-09T23:11:53.649-04:00  INFO 26996 --- [    Test worker] tc.testcontainers/ryuk:0.13.0            : Creating container for image: testcontainers/ryuk:0.13.0
2026-03-09T23:11:53.862-04:00  INFO 26996 --- [    Test worker] tc.testcontainers/ryuk:0.13.0            : Container testcontainers/ryuk:0.13.0 is starting: 239508ca71005d070c55723b486a10d8153d93a2274979ca9d1c6cda1ef18b02
2026-03-09T23:11:54.185-04:00  INFO 26996 --- [    Test worker] tc.testcontainers/ryuk:0.13.0            : Container testcontainers/ryuk:0.13.0 started in PT0.5366074S
2026-03-09T23:11:54.189-04:00  INFO 26996 --- [    Test worker] o.t.utility.RyukResourceReaper           : Ryuk started - will monitor and terminate Testcontainers containers on JVM exit
2026-03-09T23:11:54.189-04:00  INFO 26996 --- [    Test worker] org.testcontainers.DockerClientFactory   : Checking the system...
2026-03-09T23:11:54.190-04:00  INFO 26996 --- [    Test worker] org.testcontainers.DockerClientFactory   : ✔︎ Docker server version should be at least 1.6.0
2026-03-09T23:11:54.190-04:00  INFO 26996 --- [    Test worker] tc.postgres:14.22                        : Creating container for image: postgres:14.22
2026-03-09T23:11:54.327-04:00  INFO 26996 --- [    Test worker] tc.postgres:14.22                        : Container postgres:14.22 is starting: 5e0006075dd5e7340324e633c0538f1696f19926ca0c887c61d0085796cfa950
2026-03-09T23:11:56.369-04:00  INFO 26996 --- [    Test worker] tc.postgres:14.22                        : Container postgres:14.22 started in PT2.1793384S
2026-03-09T23:11:56.370-04:00  INFO 26996 --- [    Test worker] tc.postgres:14.22                        : Container is started (JDBC URL: jdbc:postgresql://localhost:63548/springlock_test?loggerLevel=OFF)

  .   ____          _            __ _ _
 /\\ / ___'_ __ _ _(_)_ __  __ _ \ \ \ \
( ( )\___ | '_ | '_| | '_ \/ _` | \ \ \ \
 \\/  ___)| |_)| | | | | || (_| |  ) ) ) )
  '  |____| .__|_| |_|_| |_\__, | / / / /
 =========|_|==============|___/=/_/_/_/

 :: Spring Boot ::                (v4.0.3)

2026-03-09T23:11:56.408-04:00  INFO 26996 --- [    Test worker] com.springlock.LockServicePostgres14IT   : Starting LockServicePostgres14IT using Java 21.0.3 with PID 26996 (started by justi in C:\Dev\Projects\springlock\lock-service)
2026-03-09T23:11:56.410-04:00  INFO 26996 --- [    Test worker] com.springlock.LockServicePostgres14IT   : The following 1 profile is active: "postgres"
2026-03-09T23:11:56.497-04:00  INFO 26996 --- [    Test worker] .s.d.r.c.RepositoryConfigurationDelegate : Multiple Spring Data modules found, entering strict repository configuration mode
2026-03-09T23:11:56.497-04:00  INFO 26996 --- [    Test worker] .s.d.r.c.RepositoryConfigurationDelegate : Bootstrapping Spring Data JPA repositories in DEFAULT mode.
2026-03-09T23:11:56.505-04:00  INFO 26996 --- [    Test worker] .s.d.r.c.RepositoryConfigurationDelegate : Finished Spring Data repository scanning in 6 ms. Found 1 JPA repository interface.
2026-03-09T23:11:56.508-04:00  INFO 26996 --- [    Test worker] .s.d.r.c.RepositoryConfigurationDelegate : Multiple Spring Data modules found, entering strict repository configuration mode
2026-03-09T23:11:56.508-04:00  INFO 26996 --- [    Test worker] .s.d.r.c.RepositoryConfigurationDelegate : Bootstrapping Spring Data Redis repositories in DEFAULT mode.
2026-03-09T23:11:56.512-04:00  INFO 26996 --- [    Test worker] .RepositoryConfigurationExtensionSupport : Spring Data Redis - Could not safely identify store assignment for repository candidate interface com.springlock.lock.LockRepository; If you want this repository to be a Redis repository, consider annotating your entities with one of these annotations: org.springframework.data.redis.core.RedisHash (preferred), or consider extending one of the following types with your repository: org.springframework.data.keyvalue.repository.KeyValueRepository
2026-03-09T23:11:56.512-04:00  INFO 26996 --- [    Test worker] .s.d.r.c.RepositoryConfigurationDelegate : Finished Spring Data repository scanning in 2 ms. Found 0 Redis repository interfaces.
2026-03-09T23:11:56.554-04:00  INFO 26996 --- [    Test worker] org.hibernate.orm.jpa                    : HHH008540: Processing PersistenceUnitInfo [name: default]
2026-03-09T23:11:56.596-04:00  INFO 26996 --- [    Test worker] o.s.o.j.p.SpringPersistenceUnitInfo      : No LoadTimeWeaver setup: ignoring JPA class transformer
2026-03-09T23:11:56.598-04:00  INFO 26996 --- [    Test worker] com.zaxxer.hikari.HikariDataSource       : HikariPool-2 - Starting...
2026-03-09T23:11:56.731-04:00  INFO 26996 --- [    Test worker] com.zaxxer.hikari.pool.HikariPool        : HikariPool-2 - Added connection org.postgresql.jdbc.PgConnection@6d1bbd00
2026-03-09T23:11:56.732-04:00  INFO 26996 --- [    Test worker] com.zaxxer.hikari.HikariDataSource       : HikariPool-2 - Start completed.
2026-03-09T23:11:56.747-04:00  INFO 26996 --- [    Test worker] org.hibernate.orm.connections.pooling    : HHH10001005: Database info:
	Database JDBC URL [jdbc:postgresql://localhost:63548/springlock_test?loggerLevel=OFF]
	Database driver: PostgreSQL JDBC Driver
	Database dialect: PostgreSQLDialect
	Database version: 14.22
	Default catalog/schema: springlock_test/public
	Autocommit mode: undefined/unknown
	Isolation level: READ_COMMITTED [default READ_COMMITTED]
	JDBC fetch size: none
	Pool: DataSourceConnectionProvider
	Minimum pool size: undefined/unknown
	Maximum pool size: undefined/unknown
2026-03-09T23:11:56.818-04:00  INFO 26996 --- [    Test worker] org.hibernate.orm.core                   : HHH000489: No JTA platform available (set 'hibernate.transaction.jta.platform' to enable JTA platform integration)
2026-03-09T23:11:56.826-04:00  INFO 26996 --- [    Test worker] j.LocalContainerEntityManagerFactoryBean : Initialized JPA EntityManagerFactory for persistence unit 'default'
2026-03-09T23:11:56.902-04:00  INFO 26996 --- [    Test worker] com.springlock.LockServicePostgres14IT   : Started LockServicePostgres14IT in 0.522 seconds (process running for 8.281)
]]></system-out>
  <system-err><![CDATA[]]></system-err>
</testsuite>
