<?xml version="1.0" encoding="UTF-8"?>
<testsuite name="com.springlock.LockServicePostgres17IT" tests="12" skipped="0" failures="0" errors="0" timestamp="2026-03-10T03:12:02.846Z" hostname="OMG" time="2.477">
  <properties/>
  <testcase name="releaseLock_byNonOwner_shouldFail()" classname="com.springlock.LockServicePostgres17IT" time="0.015"/>
  <testcase name="acquireLock_whenHeldByOtherOwner_shouldFail()" classname="com.springlock.LockServicePostgres17IT" time="0.009"/>
  <testcase name="releaseLock_byOwner_shouldSucceed()" classname="com.springlock.LockServicePostgres17IT" time="0.008"/>
  <testcase name="acquireLock_whenAlreadyHeldBySameOwner_shouldFail()" classname="com.springlock.LockServicePostgres17IT" time="0.01"/>
  <testcase name="releaseLock_whenNotHeld_shouldReturnFalse()" classname="com.springlock.LockServicePostgres17IT" time="0.005"/>
  <testcase name="isLocked_whenHeld_shouldReturnTrue()" classname="com.springlock.LockServicePostgres17IT" time="0.007"/>
  <testcase name="renewLock_byNonOwner_shouldFail()" classname="com.springlock.LockServicePostgres17IT" time="0.01"/>
  <testcase name="acquireLock_whenNotHeld_shouldSucceed()" classname="com.springlock.LockServicePostgres17IT" time="0.008"/>
  <testcase name="isLocked_whenNotHeld_shouldReturnFalse()" classname="com.springlock.LockServicePostgres17IT" time="0.005"/>
  <testcase name="isLocked_afterRelease_shouldReturnFalse()" classname="com.springlock.LockServicePostgres17IT" time="0.011"/>
  <testcase name="renewLock_byOwner_shouldSucceed()" classname="com.springlock.LockServicePostgres17IT" time="0.013"/>
  <testcase name="acquireLock_afterRelease_shouldSucceedForNewOwner()" classname="com.springlock.LockServicePostgres17IT" time="0.012"/>
  <system-out><![CDATA[2026-03-09T23:12:02.851-04:00  INFO 26996 --- [    Test worker] tc.postgres:17.9                         : Creating container for image: postgres:17.9
2026-03-09T23:12:02.978-04:00  INFO 26996 --- [    Test worker] tc.postgres:17.9                         : Container postgres:17.9 is starting: aa38b2fc6598fab14133cefc2f47a82ae640abffef902adb88bb376d141b6368
2026-03-09T23:12:05.048-04:00  INFO 26996 --- [    Test worker] tc.postgres:17.9                         : Container postgres:17.9 started in PT2.1966599S
2026-03-09T23:12:05.048-04:00  INFO 26996 --- [    Test worker] tc.postgres:17.9                         : Container is started (JDBC URL: jdbc:postgresql://localhost:63597/springlock_test?loggerLevel=OFF)

  .   ____          _            __ _ _
 /\\ / ___'_ __ _ _(_)_ __  __ _ \ \ \ \
( ( )\___ | '_ | '_| | '_ \/ _` | \ \ \ \
 \\/  ___)| |_)| | | | | || (_| |  ) ) ) )
  '  |____| .__|_| |_|_| |_\__, | / / / /
 =========|_|==============|___/=/_/_/_/

 :: Spring Boot ::                (v4.0.3)

2026-03-09T23:12:05.067-04:00  INFO 26996 --- [    Test worker] com.springlock.LockServicePostgres17IT   : Starting LockServicePostgres17IT using Java 21.0.3 with PID 26996 (started by justi in C:\Dev\Projects\springlock\lock-service)
2026-03-09T23:12:05.067-04:00  INFO 26996 --- [    Test worker] com.springlock.LockServicePostgres17IT   : The following 1 profile is active: "postgres"
2026-03-09T23:12:05.104-04:00  INFO 26996 --- [    Test worker] .s.d.r.c.RepositoryConfigurationDelegate : Multiple Spring Data modules found, entering strict repository configuration mode
2026-03-09T23:12:05.104-04:00  INFO 26996 --- [    Test worker] .s.d.r.c.RepositoryConfigurationDelegate : Bootstrapping Spring Data JPA repositories in DEFAULT mode.
2026-03-09T23:12:05.110-04:00  INFO 26996 --- [    Test worker] .s.d.r.c.RepositoryConfigurationDelegate : Finished Spring Data repository scanning in 4 ms. Found 1 JPA repository interface.
2026-03-09T23:12:05.112-04:00  INFO 26996 --- [    Test worker] .s.d.r.c.RepositoryConfigurationDelegate : Multiple Spring Data modules found, entering strict repository configuration mode
2026-03-09T23:12:05.113-04:00  INFO 26996 --- [    Test worker] .s.d.r.c.RepositoryConfigurationDelegate : Bootstrapping Spring Data Redis repositories in DEFAULT mode.
2026-03-09T23:12:05.114-04:00  INFO 26996 --- [    Test worker] .RepositoryConfigurationExtensionSupport : Spring Data Redis - Could not safely identify store assignment for repository candidate interface com.springlock.lock.LockRepository; If you want this repository to be a Redis repository, consider annotating your entities with one of these annotations: org.springframework.data.redis.core.RedisHash (preferred), or consider extending one of the following types with your repository: org.springframework.data.keyvalue.repository.KeyValueRepository
2026-03-09T23:12:05.114-04:00  INFO 26996 --- [    Test worker] .s.d.r.c.RepositoryConfigurationDelegate : Finished Spring Data repository scanning in 1 ms. Found 0 Redis repository interfaces.
2026-03-09T23:12:05.130-04:00  INFO 26996 --- [    Test worker] org.hibernate.orm.jpa                    : HHH008540: Processing PersistenceUnitInfo [name: default]
2026-03-09T23:12:05.146-04:00  INFO 26996 --- [    Test worker] o.s.o.j.p.SpringPersistenceUnitInfo      : No LoadTimeWeaver setup: ignoring JPA class transformer
2026-03-09T23:12:05.146-04:00  INFO 26996 --- [    Test worker] com.zaxxer.hikari.HikariDataSource       : HikariPool-5 - Starting...
2026-03-09T23:12:05.154-04:00  INFO 26996 --- [    Test worker] com.zaxxer.hikari.pool.HikariPool        : HikariPool-5 - Added connection org.postgresql.jdbc.PgConnection@250e2047
2026-03-09T23:12:05.154-04:00  INFO 26996 --- [    Test worker] com.zaxxer.hikari.HikariDataSource       : HikariPool-5 - Start completed.
2026-03-09T23:12:05.160-04:00  INFO 26996 --- [    Test worker] org.hibernate.orm.connections.pooling    : HHH10001005: Database info:
	Database JDBC URL [jdbc:postgresql://localhost:63597/springlock_test?loggerLevel=OFF]
	Database driver: PostgreSQL JDBC Driver
	Database dialect: PostgreSQLDialect
	Database version: 17.9
	Default catalog/schema: springlock_test/public
	Autocommit mode: undefined/unknown
	Isolation level: READ_COMMITTED [default READ_COMMITTED]
	JDBC fetch size: none
	Pool: DataSourceConnectionProvider
	Minimum pool size: undefined/unknown
	Maximum pool size: undefined/unknown
2026-03-09T23:12:05.175-04:00  INFO 26996 --- [    Test worker] org.hibernate.orm.core                   : HHH000489: No JTA platform available (set 'hibernate.transaction.jta.platform' to enable JTA platform integration)
2026-03-09T23:12:05.180-04:00  INFO 26996 --- [    Test worker] j.LocalContainerEntityManagerFactoryBean : Initialized JPA EntityManagerFactory for persistence unit 'default'
2026-03-09T23:12:05.206-04:00  INFO 26996 --- [    Test worker] com.springlock.LockServicePostgres17IT   : Started LockServicePostgres17IT in 0.155 seconds (process running for 16.586)
]]></system-out>
  <system-err><![CDATA[]]></system-err>
</testsuite>
