<?xml version="1.0" encoding="UTF-8"?>
<testsuite name="com.springlock.LockServiceRedisIT" tests="12" skipped="0" failures="0" errors="0" timestamp="2026-03-10T03:12:09.171Z" hostname="OMG" time="0.779">
  <properties/>
  <testcase name="releaseLock_byNonOwner_shouldFail()" classname="com.springlock.LockServiceRedisIT" time="0.245"/>
  <testcase name="acquireLock_whenHeldByOtherOwner_shouldFail()" classname="com.springlock.LockServiceRedisIT" time="0.004"/>
  <testcase name="releaseLock_byOwner_shouldSucceed()" classname="com.springlock.LockServiceRedisIT" time="0.005"/>
  <testcase name="acquireLock_whenAlreadyHeldBySameOwner_shouldFail()" classname="com.springlock.LockServiceRedisIT" time="0.004"/>
  <testcase name="releaseLock_whenNotHeld_shouldReturnFalse()" classname="com.springlock.LockServiceRedisIT" time="0.003"/>
  <testcase name="isLocked_whenHeld_shouldReturnTrue()" classname="com.springlock.LockServiceRedisIT" time="0.004"/>
  <testcase name="renewLock_byNonOwner_shouldFail()" classname="com.springlock.LockServiceRedisIT" time="0.004"/>
  <testcase name="acquireLock_whenNotHeld_shouldSucceed()" classname="com.springlock.LockServiceRedisIT" time="0.003"/>
  <testcase name="isLocked_whenNotHeld_shouldReturnFalse()" classname="com.springlock.LockServiceRedisIT" time="0.004"/>
  <testcase name="isLocked_afterRelease_shouldReturnFalse()" classname="com.springlock.LockServiceRedisIT" time="0.004"/>
  <testcase name="renewLock_byOwner_shouldSucceed()" classname="com.springlock.LockServiceRedisIT" time="0.006"/>
  <testcase name="acquireLock_afterRelease_shouldSucceedForNewOwner()" classname="com.springlock.LockServiceRedisIT" time="0.005"/>
  <system-out><![CDATA[2026-03-09T23:12:09.176-04:00  INFO 26996 --- [    Test worker] tc.redis:7.4-alpine                      : Creating container for image: redis:7.4-alpine
2026-03-09T23:12:09.317-04:00  INFO 26996 --- [    Test worker] tc.redis:7.4-alpine                      : Container redis:7.4-alpine is starting: 2b494c446922dce39f2063267f7d8ddf2d51499aae8a0cf374e9e918886da8b6
2026-03-09T23:12:09.595-04:00  INFO 26996 --- [    Test worker] tc.redis:7.4-alpine                      : Container redis:7.4-alpine started in PT0.4193936S

  .   ____          _            __ _ _
 /\\ / ___'_ __ _ _(_)_ __  __ _ \ \ \ \
( ( )\___ | '_ | '_| | '_ \/ _` | \ \ \ \
 \\/  ___)| |_)| | | | | || (_| |  ) ) ) )
  '  |____| .__|_| |_|_| |_\__, | / / / /
 =========|_|==============|___/=/_/_/_/

 :: Spring Boot ::                (v4.0.3)

2026-03-09T23:12:09.606-04:00  INFO 26996 --- [    Test worker] com.springlock.LockServiceRedisIT        : Starting LockServiceRedisIT using Java 21.0.3 with PID 26996 (started by justi in C:\Dev\Projects\springlock\lock-service)
2026-03-09T23:12:09.607-04:00  INFO 26996 --- [    Test worker] com.springlock.LockServiceRedisIT        : The following 1 profile is active: "redis"
2026-03-09T23:12:09.636-04:00  INFO 26996 --- [    Test worker] .s.d.r.c.RepositoryConfigurationDelegate : Multiple Spring Data modules found, entering strict repository configuration mode
2026-03-09T23:12:09.636-04:00  INFO 26996 --- [    Test worker] .s.d.r.c.RepositoryConfigurationDelegate : Bootstrapping Spring Data Redis repositories in DEFAULT mode.
2026-03-09T23:12:09.640-04:00  INFO 26996 --- [    Test worker] .RepositoryConfigurationExtensionSupport : Spring Data Redis - Could not safely identify store assignment for repository candidate interface com.springlock.lock.LockRepository; If you want this repository to be a Redis repository, consider annotating your entities with one of these annotations: org.springframework.data.redis.core.RedisHash (preferred), or consider extending one of the following types with your repository: org.springframework.data.keyvalue.repository.KeyValueRepository
2026-03-09T23:12:09.640-04:00  INFO 26996 --- [    Test worker] .s.d.r.c.RepositoryConfigurationDelegate : Finished Spring Data repository scanning in 3 ms. Found 0 Redis repository interfaces.
2026-03-09T23:12:09.657-04:00  INFO 26996 --- [    Test worker] com.springlock.LockServiceRedisIT        : Started LockServiceRedisIT in 0.06 seconds (process running for 21.036)
2026-03-09T23:12:10.065-04:00  INFO 26996 --- [ecutorLoop-14-1] i.l.core.protocol.ConnectionWatchdog     : Reconnecting, last destination was localhost/127.0.0.1:63630
2026-03-09T23:12:10.070-04:00  WARN 26996 --- [oEventLoop-16-2] i.l.core.protocol.ConnectionWatchdog     : Cannot reconnect to [localhost/<unresolved>:63630]: Connection closed prematurely

io.lettuce.core.RedisConnectionException: Connection closed prematurely
	at io.lettuce.core.protocol.RedisHandshakeHandler.channelInactive(RedisHandshakeHandler.java:76) ~[lettuce-core-6.8.2.RELEASE.jar:6.8.2.RELEASE/34f8700]
	at io.netty.channel.AbstractChannelHandlerContext.fireChannelInactive(AbstractChannelHandlerContext.java:251) ~[netty-transport-4.2.10.Final.jar:4.2.10.Final]
	at io.netty.channel.ChannelInboundHandlerAdapter.channelInactive(ChannelInboundHandlerAdapter.java:81) ~[netty-transport-4.2.10.Final.jar:4.2.10.Final]
	at io.lettuce.core.ChannelGroupListener.channelInactive(ChannelGroupListener.java:54) ~[lettuce-core-6.8.2.RELEASE.jar:6.8.2.RELEASE/34f8700]
	at io.netty.channel.AbstractChannelHandlerContext.fireChannelInactive(AbstractChannelHandlerContext.java:251) ~[netty-transport-4.2.10.Final.jar:4.2.10.Final]
	at io.netty.channel.DefaultChannelPipeline$HeadContext.channelInactive(DefaultChannelPipeline.java:1424) ~[netty-transport-4.2.10.Final.jar:4.2.10.Final]
	at io.netty.channel.DefaultChannelPipeline.fireChannelInactive(DefaultChannelPipeline.java:876) ~[netty-transport-4.2.10.Final.jar:4.2.10.Final]
	at io.netty.channel.AbstractChannel$AbstractUnsafe$6.run(AbstractChannel.java:676) ~[netty-transport-4.2.10.Final.jar:4.2.10.Final]
	at io.netty.util.concurrent.AbstractEventExecutor.runTask(AbstractEventExecutor.java:148) ~[netty-common-4.2.10.Final.jar:4.2.10.Final]
	at io.netty.util.concurrent.AbstractEventExecutor.safeExecute(AbstractEventExecutor.java:141) ~[netty-common-4.2.10.Final.jar:4.2.10.Final]
	at io.netty.util.concurrent.SingleThreadEventExecutor.runAllTasks(SingleThreadEventExecutor.java:535) ~[netty-common-4.2.10.Final.jar:4.2.10.Final]
	at io.netty.channel.SingleThreadIoEventLoop.run(SingleThreadIoEventLoop.java:201) ~[netty-transport-4.2.10.Final.jar:4.2.10.Final]
	at io.netty.util.concurrent.SingleThreadEventExecutor$5.run(SingleThreadEventExecutor.java:1195) ~[netty-common-4.2.10.Final.jar:4.2.10.Final]
	at io.netty.util.internal.ThreadExecutorMap$2.run(ThreadExecutorMap.java:74) ~[netty-common-4.2.10.Final.jar:4.2.10.Final]
	at io.netty.util.concurrent.FastThreadLocalRunnable.run(FastThreadLocalRunnable.java:30) ~[netty-common-4.2.10.Final.jar:4.2.10.Final]
	at java.base/java.lang.Thread.run(Thread.java:1583) ~[na:na]

]]></system-out>
  <system-err><![CDATA[]]></system-err>
</testsuite>
