<?xml version="1.0" encoding="UTF-8"?>
<testsuite name="com.springlock.LockServicePostgres15IT" tests="12" skipped="0" failures="0" errors="0" timestamp="2026-03-10T03:11:57.656Z" hostname="OMG" time="1.851">
  <properties/>
  <testcase name="releaseLock_byNonOwner_shouldFail()" classname="com.springlock.LockServicePostgres15IT" time="0.018"/>
  <testcase name="acquireLock_whenHeldByOtherOwner_shouldFail()" classname="com.springlock.LockServicePostgres15IT" time="0.013"/>
  <testcase name="releaseLock_byOwner_shouldSucceed()" classname="com.springlock.LockServicePostgres15IT" time="0.012"/>
  <testcase name="acquireLock_whenAlreadyHeldBySameOwner_shouldFail()" classname="com.springlock.LockServicePostgres15IT" time="0.014"/>
  <testcase name="releaseLock_whenNotHeld_shouldReturnFalse()" classname="com.springlock.LockServicePostgres15IT" time="0.008"/>
  <testcase name="isLocked_whenHeld_shouldReturnTrue()" classname="com.springlock.LockServicePostgres15IT" time="0.017"/>
  <testcase name="renewLock_byNonOwner_shouldFail()" classname="com.springlock.LockServicePostgres15IT" time="0.017"/>
  <testcase name="acquireLock_whenNotHeld_shouldSucceed()" classname="com.springlock.LockServicePostgres15IT" time="0.012"/>
  <testcase name="isLocked_whenNotHeld_shouldReturnFalse()" classname="com.springlock.LockServicePostgres15IT" time="0.008"/>
  <testcase name="isLocked_afterRelease_shouldReturnFalse()" classname="com.springlock.LockServicePostgres15IT" time="0.013"/>
  <testcase name="renewLock_byOwner_shouldSucceed()" classname="com.springlock.LockServicePostgres15IT" time="0.014"/>
  <testcase name="acquireLock_afterRelease_shouldSucceedForNewOwner()" classname="com.springlock.LockServicePostgres15IT" time="0.015"/>
  <system-out><![CDATA[2026-03-09T23:11:57.665-04:00  INFO 26996 --- [    Test worker] tc.postgres:15.17                        : Creating container for image: postgres:15.17
2026-03-09T23:11:57.768-04:00  INFO 26996 --- [    Test worker] tc.postgres:15.17                        : Container postgres:15.17 is starting: 1b1342e1f0932205e283265b83a0c47f224e44108382ddf1d11fe8f2017a448d
2026-03-09T23:11:59.105-04:00  INFO 26996 --- [    Test worker] tc.postgres:15.17                        : Container postgres:15.17 started in PT1.4399436S
2026-03-09T23:11:59.105-04:00  INFO 26996 --- [    Test worker] tc.postgres:15.17                        : Container is started (JDBC URL: jdbc:postgresql://localhost:63563/springlock_test?loggerLevel=OFF)

  .   ____          _            __ _ _
 /\\ / ___'_ __ _ _(_)_ __  __ _ \ \ \ \
( ( )\___ | '_ | '_| | '_ \/ _` | \ \ \ \
 \\/  ___)| |_)| | | | | || (_| |  ) ) ) )
  '  |____| .__|_| |_|_| |_\__, | / / / /
 =========|_|==============|___/=/_/_/_/

 :: Spring Boot ::                (v4.0.3)

2026-03-09T23:11:59.121-04:00  INFO 26996 --- [    Test worker] com.springlock.LockServicePostgres15IT   : Starting LockServicePostgres15IT using Java 21.0.3 with PID 26996 (started by justi in C:\Dev\Projects\springlock\lock-service)
2026-03-09T23:11:59.121-04:00  INFO 26996 --- [    Test worker] com.springlock.LockServicePostgres15IT   : The following 1 profile is active: "postgres"
2026-03-09T23:11:59.169-04:00  INFO 26996 --- [    Test worker] .s.d.r.c.RepositoryConfigurationDelegate : Multiple Spring Data modules found, entering strict repository configuration mode
2026-03-09T23:11:59.170-04:00  INFO 26996 --- [    Test worker] .s.d.r.c.RepositoryConfigurationDelegate : Bootstrapping Spring Data JPA repositories in DEFAULT mode.
2026-03-09T23:11:59.176-04:00  INFO 26996 --- [    Test worker] .s.d.r.c.RepositoryConfigurationDelegate : Finished Spring Data repository scanning in 5 ms. Found 1 JPA repository interface.
2026-03-09T23:11:59.185-04:00  INFO 26996 --- [    Test worker] .s.d.r.c.RepositoryConfigurationDelegate : Multiple Spring Data modules found, entering strict repository configuration mode
2026-03-09T23:11:59.185-04:00  INFO 26996 --- [    Test worker] .s.d.r.c.RepositoryConfigurationDelegate : Bootstrapping Spring Data Redis repositories in DEFAULT mode.
2026-03-09T23:11:59.189-04:00  INFO 26996 --- [    Test worker] .RepositoryConfigurationExtensionSupport : Spring Data Redis - Could not safely identify store assignment for repository candidate interface com.springlock.lock.LockRepository; If you want this repository to be a Redis repository, consider annotating your entities with one of these annotations: org.springframework.data.redis.core.RedisHash (preferred), or consider extending one of the following types with your repository: org.springframework.data.keyvalue.repository.KeyValueRepository
2026-03-09T23:11:59.190-04:00  INFO 26996 --- [    Test worker] .s.d.r.c.RepositoryConfigurationDelegate : Finished Spring Data repository scanning in 3 ms. Found 0 Redis repository interfaces.
2026-03-09T23:11:59.221-04:00  INFO 26996 --- [    Test worker] org.hibernate.orm.jpa                    : HHH008540: Processing PersistenceUnitInfo [name: default]
2026-03-09T23:11:59.250-04:00  INFO 26996 --- [    Test worker] o.s.o.j.p.SpringPersistenceUnitInfo      : No LoadTimeWeaver setup: ignoring JPA class transformer
2026-03-09T23:11:59.251-04:00  INFO 26996 --- [    Test worker] com.zaxxer.hikari.HikariDataSource       : HikariPool-3 - Starting...
2026-03-09T23:11:59.266-04:00  INFO 26996 --- [    Test worker] com.zaxxer.hikari.pool.HikariPool        : HikariPool-3 - Added connection org.postgresql.jdbc.PgConnection@61b67cbb
2026-03-09T23:11:59.266-04:00  INFO 26996 --- [    Test worker] com.zaxxer.hikari.HikariDataSource       : HikariPool-3 - Start completed.
2026-03-09T23:11:59.272-04:00  INFO 26996 --- [    Test worker] org.hibernate.orm.connections.pooling    : HHH10001005: Database info:
	Database JDBC URL [jdbc:postgresql://localhost:63563/springlock_test?loggerLevel=OFF]
	Database driver: PostgreSQL JDBC Driver
	Database dialect: PostgreSQLDialect
	Database version: 15.17
	Default catalog/schema: springlock_test/public
	Autocommit mode: undefined/unknown
	Isolation level: READ_COMMITTED [default READ_COMMITTED]
	JDBC fetch size: none
	Pool: DataSourceConnectionProvider
	Minimum pool size: undefined/unknown
	Maximum pool size: undefined/unknown
2026-03-09T23:11:59.292-04:00  INFO 26996 --- [    Test worker] org.hibernate.orm.core                   : HHH000489: No JTA platform available (set 'hibernate.transaction.jta.platform' to enable JTA platform integration)
2026-03-09T23:11:59.298-04:00  INFO 26996 --- [    Test worker] j.LocalContainerEntityManagerFactoryBean : Initialized JPA EntityManagerFactory for persistence unit 'default'
2026-03-09T23:11:59.338-04:00  INFO 26996 --- [    Test worker] com.springlock.LockServicePostgres15IT   : Started LockServicePostgres15IT in 0.231 seconds (process running for 10.717)
]]></system-out>
  <system-err><![CDATA[]]></system-err>
</testsuite>
